<?xml version="1.0" encoding="UTF-8"?>
<!-- Generated by org.testng.reporters.JUnitXMLReporter -->
<testsuite hostname="LNAR-PC073LMQ" failures="1" tests="4" name="Group of group Test" time="0.069" errors="0" timestamp="13 Jul 2019 14:59:20 GMT">
  <testcase classname="com.testNG.groupTest" name="testMethodOne" time="0.013"/>
  <testcase classname="com.testNG.groupTest" name="testMethodTwo" time="0.0">
    <skipped/>
  </testcase> <!-- testMethodTwo -->
  <testcase classname="com.testNG.groupTest" name="testMethodTwo" time="0.004">
    <skipped/>
  </testcase> <!-- testMethodTwo -->
  <testcase classname="com.testNG.groupTest" name="testMethodTwo" time="0.002">
    <failure type="java.lang.AssertionError" message="expected [Hello] but found [Hell]">
      <![CDATA[java.lang.AssertionError: expected [Hello] but found [Hell]
	at com.testNG.groupTest.testMethodTwo(groupTest.java:21)
... Removed 29 stack frames]]>
    </failure>
  </testcase> <!-- testMethodTwo -->
</testsuite> <!-- Group of group Test -->
